app/build/intermediates/manifest_merge_blame_file/debug/processDebugMainManifest/manifest-merger-blame-debug-report.txt
1<?xml version="1.0" encoding="utf-8"?>
2<manifest xmlns:android="http://schemas.android.com/apk/res/android"
3    package="com.marcos.quizapplication"
4    android:versionCode="1"
5    android:versionName="1.0" >
6
7    <uses-sdk
8        android:minSdkVersion="34"
9        android:targetSdkVersion="34" />
10
11    <uses-permission android:name="android.permission.INTERNET" />
11-->[com.google.firebase:firebase-auth:22.3.1] AndroidManifest.xml:25:5-67
11-->[com.google.firebase:firebase-auth:22.3.1] AndroidManifest.xml:25:22-64
12    <uses-permission android:name="android.permission.ACCESS_NETWORK_STATE" />
12-->[com.google.firebase:firebase-auth:22.3.1] AndroidManifest.xml:26:5-79
12-->[com.google.firebase:firebase-auth:22.3.1] AndroidManifest.xml:26:22-76
13    <uses-permission android:name="android.permission.WAKE_LOCK" />
13-->[com.google.android.gms:play-services-measurement:21.6.2] AndroidManifest.xml:25:5-68
13-->[com.google.android.gms:play-services-measurement:21.6.2] AndroidManifest.xml:25:22-65
14    <uses-permission android:name="com.google.android.finsky.permission.BIND_GET_INSTALL_REFERRER_SERVICE" />
14-->[com.google.android.gms:play-services-measurement:21.6.2] AndroidManifest.xml:26:5-110
14-->[com.google.android.gms:play-services-measurement:21.6.2] AndroidManifest.xml:26:22-107
15    <uses-permission android:name="com.google.android.gms.permission.AD_ID" />
15-->[com.google.android.gms:play-services-measurement-api:21.6.2] AndroidManifest.xml:25:5-79
15-->[com.google.android.gms:play-services-measurement-api:21.6.2] AndroidManifest.xml:25:22-76
16    <uses-permission android:name="android.permission.ACCESS_ADSERVICES_ATTRIBUTION" />
16-->[com.google.android.gms:play-services-measurement-api:21.6.2] AndroidManifest.xml:26:5-88
16-->[com.google.android.gms:play-services-measurement-api:21.6.2] AndroidManifest.xml:26:22-85
17    <uses-permission android:name="android.permission.ACCESS_ADSERVICES_AD_ID" />
17-->[com.google.android.gms:play-services-measurement-api:21.6.2] AndroidManifest.xml:27:5-82
17-->[com.google.android.gms:play-services-measurement-api:21.6.2] AndroidManifest.xml:27:22-79
18    <uses-permission android:name="com.google.android.providers.gsf.permission.READ_GSERVICES" />
18-->[com.google.android.recaptcha:recaptcha:18.4.0] AndroidManifest.xml:9:5-98
18-->[com.google.android.recaptcha:recaptcha:18.4.0] AndroidManifest.xml:9:22-95
19
20    <permission
20-->[androidx.core:core:1.13.1] AndroidManifest.xml:22:5-24:47
21        android:name="com.marcos.quizapplication.DYNAMIC_RECEIVER_NOT_EXPORTED_PERMISSION"
21-->[androidx.core:core:1.13.1] AndroidManifest.xml:23:9-81
22        android:protectionLevel="signature" />
22-->[androidx.core:core:1.13.1] AndroidManifest.xml:24:9-44
23
24    <uses-permission android:name="com.marcos.quizapplication.DYNAMIC_RECEIVER_NOT_EXPORTED_PERMISSION" />
24-->[androidx.core:core:1.13.1] AndroidManifest.xml:26:5-97
24-->[androidx.core:core:1.13.1] AndroidManifest.xml:26:22-94
25
26    <application
26-->src\main\AndroidManifest.xml:5:5-27:19
27        android:name="com.marcos.quizapplication.QuizApplication"
27-->src\main\AndroidManifest.xml:6:9-40
28        android:allowBackup="true"
28-->src\main\AndroidManifest.xml:7:9-35
29        android:appComponentFactory="androidx.core.app.CoreComponentFactory"
29-->[androidx.core:core:1.13.1] AndroidManifest.xml:28:18-86
30        android:dataExtractionRules="@xml/data_extraction_rules"
30-->src\main\AndroidManifest.xml:8:9-65
31        android:debuggable="true"
32        android:extractNativeLibs="false"
33        android:fullBackupContent="@xml/backup_rules"
33-->src\main\AndroidManifest.xml:9:9-54
34        android:icon="@mipmap/ic_launcher"
34-->src\main\AndroidManifest.xml:10:9-43
35        android:label="@string/app_name"
35-->src\main\AndroidManifest.xml:11:9-41
36        android:roundIcon="@mipmap/ic_launcher_round"
36-->src\main\AndroidManifest.xml:12:9-54
37        android:supportsRtl="true"
37-->src\main\AndroidManifest.xml:13:9-35
38        android:testOnly="true"
39        android:theme="@style/Theme.QuizApplication" >
39-->src\main\AndroidManifest.xml:14:9-53
40        <activity
40-->src\main\AndroidManifest.xml:16:9-26:20
41            android:name="com.marcos.quizapplication.MainActivity"
41-->src\main\AndroidManifest.xml:17:13-41
42            android:exported="true"
42-->src\main\AndroidManifest.xml:18:13-36
43            android:label="@string/app_name"
43-->src\main\AndroidManifest.xml:19:13-45
44            android:theme="@style/Theme.QuizApplication" >
44-->src\main\AndroidManifest.xml:20:13-57
45            <intent-filter>
45-->src\main\AndroidManifest.xml:21:13-25:29
46                <action android:name="android.intent.action.MAIN" />
46-->src\main\AndroidManifest.xml:22:17-69
46-->src\main\AndroidManifest.xml:22:25-66
47
48                <category android:name="android.intent.category.LAUNCHER" />
48-->src\main\AndroidManifest.xml:24:17-77
48-->src\main\AndroidManifest.xml:24:27-74
49            </intent-filter>
50        </activity>
51
52        <service
52-->[androidx.room:room-runtime:2.6.1] AndroidManifest.xml:24:9-28:63
53            android:name="androidx.room.MultiInstanceInvalidationService"
53-->[androidx.room:room-runtime:2.6.1] AndroidManifest.xml:25:13-74
54            android:directBootAware="true"
54-->[androidx.room:room-runtime:2.6.1] AndroidManifest.xml:26:13-43
55            android:exported="false" />
55-->[androidx.room:room-runtime:2.6.1] AndroidManifest.xml:27:13-37
56
57        <activity
57-->[com.google.firebase:firebase-auth:22.3.1] AndroidManifest.xml:29:9-46:20
58            android:name="com.google.firebase.auth.internal.GenericIdpActivity"
58-->[com.google.firebase:firebase-auth:22.3.1] AndroidManifest.xml:30:13-80
59            android:excludeFromRecents="true"
59-->[com.google.firebase:firebase-auth:22.3.1] AndroidManifest.xml:31:13-46
60            android:exported="true"
60-->[com.google.firebase:firebase-auth:22.3.1] AndroidManifest.xml:32:13-36
61            android:launchMode="singleTask"
61-->[com.google.firebase:firebase-auth:22.3.1] AndroidManifest.xml:33:13-44
62            android:theme="@android:style/Theme.Translucent.NoTitleBar" >
62-->[com.google.firebase:firebase-auth:22.3.1] AndroidManifest.xml:34:13-72
63            <intent-filter>
63-->[com.google.firebase:firebase-auth:22.3.1] AndroidManifest.xml:35:13-45:29
64                <action android:name="android.intent.action.VIEW" />
64-->[com.google.firebase:firebase-auth:22.3.1] AndroidManifest.xml:36:17-69
64-->[com.google.firebase:firebase-auth:22.3.1] AndroidManifest.xml:36:25-66
65
66                <category android:name="android.intent.category.DEFAULT" />
66-->[com.google.firebase:firebase-auth:22.3.1] AndroidManifest.xml:38:17-76
66-->[com.google.firebase:firebase-auth:22.3.1] AndroidManifest.xml:38:27-73
67                <category android:name="android.intent.category.BROWSABLE" />
67-->[com.google.firebase:firebase-auth:22.3.1] AndroidManifest.xml:39:17-78
67-->[com.google.firebase:firebase-auth:22.3.1] AndroidManifest.xml:39:27-75
68
69                <data
69-->[com.google.firebase:firebase-auth:22.3.1] AndroidManifest.xml:41:17-44:51
70                    android:host="firebase.auth"
70-->[com.google.firebase:firebase-auth:22.3.1] AndroidManifest.xml:42:21-49
71                    android:path="/"
71-->[com.google.firebase:firebase-auth:22.3.1] AndroidManifest.xml:43:21-37
72                    android:scheme="genericidp" />
72-->[com.google.firebase:firebase-auth:22.3.1] AndroidManifest.xml:44:21-48
73            </intent-filter>
74        </activity>
75        <activity
75-->[com.google.firebase:firebase-auth:22.3.1] AndroidManifest.xml:47:9-64:20
76            android:name="com.google.firebase.auth.internal.RecaptchaActivity"
76-->[com.google.firebase:firebase-auth:22.3.1] AndroidManifest.xml:48:13-79
77            android:excludeFromRecents="true"
77-->[com.google.firebase:firebase-auth:22.3.1] AndroidManifest.xml:49:13-46
78            android:exported="true"
78-->[com.google.firebase:firebase-auth:22.3.1] AndroidManifest.xml:50:13-36
79            android:launchMode="singleTask"
79-->[com.google.firebase:firebase-auth:22.3.1] AndroidManifest.xml:51:13-44
80            android:theme="@android:style/Theme.Translucent.NoTitleBar" >
80-->[com.google.firebase:firebase-auth:22.3.1] AndroidManifest.xml:52:13-72
81            <intent-filter>
81-->[com.google.firebase:firebase-auth:22.3.1] AndroidManifest.xml:53:13-63:29
82                <action android:name="android.intent.action.VIEW" />
82-->[com.google.firebase:firebase-auth:22.3.1] AndroidManifest.xml:36:17-69
82-->[com.google.firebase:firebase-auth:22.3.1] AndroidManifest.xml:36:25-66
83
84                <category android:name="android.intent.category.DEFAULT" />
84-->[com.google.firebase:firebase-auth:22.3.1] AndroidManifest.xml:38:17-76
84-->[com.google.firebase:firebase-auth:22.3.1] AndroidManifest.xml:38:27-73
85                <category android:name="android.intent.category.BROWSABLE" />
85-->[com.google.firebase:firebase-auth:22.3.1] AndroidManifest.xml:39:17-78
85-->[com.google.firebase:firebase-auth:22.3.1] AndroidManifest.xml:39:27-75
86
87                <data
87-->[com.google.firebase:firebase-auth:22.3.1] AndroidManifest.xml:41:17-44:51
88                    android:host="firebase.auth"
88-->[com.google.firebase:firebase-auth:22.3.1] AndroidManifest.xml:42:21-49
89                    android:path="/"
89-->[com.google.firebase:firebase-auth:22.3.1] AndroidManifest.xml:43:21-37
90                    android:scheme="recaptcha" />
90-->[com.google.firebase:firebase-auth:22.3.1] AndroidManifest.xml:44:21-48
91            </intent-filter>
92        </activity>
93
94        <service
94-->[com.google.firebase:firebase-auth:22.3.1] AndroidManifest.xml:66:9-72:19
95            android:name="com.google.firebase.components.ComponentDiscoveryService"
95-->[com.google.firebase:firebase-auth:22.3.1] AndroidManifest.xml:67:13-84
96            android:directBootAware="true"
96-->[com.google.firebase:firebase-common:20.4.3] AndroidManifest.xml:32:13-43
97            android:exported="false" >
97-->[com.google.firebase:firebase-auth:22.3.1] AndroidManifest.xml:68:13-37
98            <meta-data
98-->[com.google.firebase:firebase-auth:22.3.1] AndroidManifest.xml:69:13-71:85
99                android:name="com.google.firebase.components:com.google.firebase.auth.FirebaseAuthRegistrar"
99-->[com.google.firebase:firebase-auth:22.3.1] AndroidManifest.xml:70:17-109
100                android:value="com.google.firebase.components.ComponentRegistrar" />
100-->[com.google.firebase:firebase-auth:22.3.1] AndroidManifest.xml:71:17-82
101            <meta-data
101-->[com.google.android.gms:play-services-measurement-api:21.6.2] AndroidManifest.xml:37:13-39:85
102                android:name="com.google.firebase.components:com.google.firebase.analytics.connector.internal.AnalyticsConnectorRegistrar"
102-->[com.google.android.gms:play-services-measurement-api:21.6.2] AndroidManifest.xml:38:17-139
103                android:value="com.google.firebase.components.ComponentRegistrar" />
103-->[com.google.android.gms:play-services-measurement-api:21.6.2] AndroidManifest.xml:39:17-82
104            <meta-data
104-->[com.google.firebase:firebase-firestore-ktx:24.11.1] AndroidManifest.xml:12:13-14:85
105                android:name="com.google.firebase.components:com.google.firebase.firestore.ktx.FirebaseFirestoreLegacyRegistrar"
105-->[com.google.firebase:firebase-firestore-ktx:24.11.1] AndroidManifest.xml:13:17-129
106                android:value="com.google.firebase.components.ComponentRegistrar" />
106-->[com.google.firebase:firebase-firestore-ktx:24.11.1] AndroidManifest.xml:14:17-82
107            <meta-data
107-->[com.google.firebase:firebase-firestore:24.11.1] AndroidManifest.xml:17:13-19:85
108                android:name="com.google.firebase.components:com.google.firebase.firestore.FirebaseFirestoreKtxRegistrar"
108-->[com.google.firebase:firebase-firestore:24.11.1] AndroidManifest.xml:18:17-122
109                android:value="com.google.firebase.components.ComponentRegistrar" />
109-->[com.google.firebase:firebase-firestore:24.11.1] AndroidManifest.xml:19:17-82
110            <meta-data
110-->[com.google.firebase:firebase-firestore:24.11.1] AndroidManifest.xml:20:13-22:85
111                android:name="com.google.firebase.components:com.google.firebase.firestore.FirestoreRegistrar"
111-->[com.google.firebase:firebase-firestore:24.11.1] AndroidManifest.xml:21:17-111
112                android:value="com.google.firebase.components.ComponentRegistrar" />
112-->[com.google.firebase:firebase-firestore:24.11.1] AndroidManifest.xml:22:17-82
113            <meta-data
113-->[com.google.firebase:firebase-installations:17.2.0] AndroidManifest.xml:15:13-17:85
114                android:name="com.google.firebase.components:com.google.firebase.installations.FirebaseInstallationsKtxRegistrar"
114-->[com.google.firebase:firebase-installations:17.2.0] AndroidManifest.xml:16:17-130
115                android:value="com.google.firebase.components.ComponentRegistrar" />
115-->[com.google.firebase:firebase-installations:17.2.0] AndroidManifest.xml:17:17-82
116            <meta-data
116-->[com.google.firebase:firebase-installations:17.2.0] AndroidManifest.xml:18:13-20:85
117                android:name="com.google.firebase.components:com.google.firebase.installations.FirebaseInstallationsRegistrar"
117-->[com.google.firebase:firebase-installations:17.2.0] AndroidManifest.xml:19:17-127
118                android:value="com.google.firebase.components.ComponentRegistrar" />
118-->[com.google.firebase:firebase-installations:17.2.0] AndroidManifest.xml:20:17-82
119            <meta-data
119-->[com.google.firebase:firebase-common-ktx:20.4.3] AndroidManifest.xml:12:13-14:85
120                android:name="com.google.firebase.components:com.google.firebase.ktx.FirebaseCommonLegacyRegistrar"
120-->[com.google.firebase:firebase-common-ktx:20.4.3] AndroidManifest.xml:13:17-116
121                android:value="com.google.firebase.components.ComponentRegistrar" />
121-->[com.google.firebase:firebase-common-ktx:20.4.3] AndroidManifest.xml:14:17-82
122            <meta-data
122-->[com.google.firebase:firebase-common:20.4.3] AndroidManifest.xml:35:13-37:85
123                android:name="com.google.firebase.components:com.google.firebase.FirebaseCommonKtxRegistrar"
123-->[com.google.firebase:firebase-common:20.4.3] AndroidManifest.xml:36:17-109
124                android:value="com.google.firebase.components.ComponentRegistrar" />
124-->[com.google.firebase:firebase-common:20.4.3] AndroidManifest.xml:37:17-82
125        </service>
126
127        <receiver
127-->[com.google.android.gms:play-services-measurement:21.6.2] AndroidManifest.xml:29:9-33:20
128            android:name="com.google.android.gms.measurement.AppMeasurementReceiver"
128-->[com.google.android.gms:play-services-measurement:21.6.2] AndroidManifest.xml:30:13-85
129            android:enabled="true"
129-->[com.google.android.gms:play-services-measurement:21.6.2] AndroidManifest.xml:31:13-35
130            android:exported="false" >
130-->[com.google.android.gms:play-services-measurement:21.6.2] AndroidManifest.xml:32:13-37
131        </receiver>
132
133        <service
133-->[com.google.android.gms:play-services-measurement:21.6.2] AndroidManifest.xml:35:9-38:40
134            android:name="com.google.android.gms.measurement.AppMeasurementService"
134-->[com.google.android.gms:play-services-measurement:21.6.2] AndroidManifest.xml:36:13-84
135            android:enabled="true"
135-->[com.google.android.gms:play-services-measurement:21.6.2] AndroidManifest.xml:37:13-35
136            android:exported="false" />
136-->[com.google.android.gms:play-services-measurement:21.6.2] AndroidManifest.xml:38:13-37
137        <service
137-->[com.google.android.gms:play-services-measurement:21.6.2] AndroidManifest.xml:39:9-43:72
138            android:name="com.google.android.gms.measurement.AppMeasurementJobService"
138-->[com.google.android.gms:play-services-measurement:21.6.2] AndroidManifest.xml:40:13-87
139            android:enabled="true"
139-->[com.google.android.gms:play-services-measurement:21.6.2] AndroidManifest.xml:41:13-35
140            android:exported="false"
140-->[com.google.android.gms:play-services-measurement:21.6.2] AndroidManifest.xml:42:13-37
141            android:permission="android.permission.BIND_JOB_SERVICE" />
141-->[com.google.android.gms:play-services-measurement:21.6.2] AndroidManifest.xml:43:13-69
142
143        <property
143-->[com.google.android.gms:play-services-measurement-api:21.6.2] AndroidManifest.xml:30:9-32:61
144            android:name="android.adservices.AD_SERVICES_CONFIG"
144-->[com.google.android.gms:play-services-measurement-api:21.6.2] AndroidManifest.xml:31:13-65
145            android:resource="@xml/ga_ad_services_config" />
145-->[com.google.android.gms:play-services-measurement-api:21.6.2] AndroidManifest.xml:32:13-58
146
147        <provider
147-->[com.google.firebase:firebase-common:20.4.3] AndroidManifest.xml:23:9-28:39
148            android:name="com.google.firebase.provider.FirebaseInitProvider"
148-->[com.google.firebase:firebase-common:20.4.3] AndroidManifest.xml:24:13-77
149            android:authorities="com.marcos.quizapplication.firebaseinitprovider"
149-->[com.google.firebase:firebase-common:20.4.3] AndroidManifest.xml:25:13-72
150            android:directBootAware="true"
150-->[com.google.firebase:firebase-common:20.4.3] AndroidManifest.xml:26:13-43
151            android:exported="false"
151-->[com.google.firebase:firebase-common:20.4.3] AndroidManifest.xml:27:13-37
152            android:initOrder="100" />
152-->[com.google.firebase:firebase-common:20.4.3] AndroidManifest.xml:28:13-36
153
154        <activity
154-->[com.google.android.gms:play-services-base:18.0.1] AndroidManifest.xml:20:9-22:45
155            android:name="com.google.android.gms.common.api.GoogleApiActivity"
155-->[com.google.android.gms:play-services-base:18.0.1] AndroidManifest.xml:20:19-85
156            android:exported="false"
156-->[com.google.android.gms:play-services-base:18.0.1] AndroidManifest.xml:22:19-43
157            android:theme="@android:style/Theme.Translucent.NoTitleBar" />
157-->[com.google.android.gms:play-services-base:18.0.1] AndroidManifest.xml:21:19-78
158        <activity
158-->[androidx.compose.ui:ui-tooling-android:1.7.8] AndroidManifest.xml:23:9-25:39
159            android:name="androidx.compose.ui.tooling.PreviewActivity"
159-->[androidx.compose.ui:ui-tooling-android:1.7.8] AndroidManifest.xml:24:13-71
160            android:exported="true" />
160-->[androidx.compose.ui:ui-tooling-android:1.7.8] AndroidManifest.xml:25:13-36
161        <activity
161-->[androidx.compose.ui:ui-test-manifest:1.7.8] AndroidManifest.xml:23:9-25:39
162            android:name="androidx.activity.ComponentActivity"
162-->[androidx.compose.ui:ui-test-manifest:1.7.8] AndroidManifest.xml:24:13-63
163            android:exported="true" />
163-->[androidx.compose.ui:ui-test-manifest:1.7.8] AndroidManifest.xml:25:13-36
164
165        <provider
165-->[androidx.emoji2:emoji2:1.3.0] AndroidManifest.xml:24:9-32:20
166            android:name="androidx.startup.InitializationProvider"
166-->[androidx.emoji2:emoji2:1.3.0] AndroidManifest.xml:25:13-67
167            android:authorities="com.marcos.quizapplication.androidx-startup"
167-->[androidx.emoji2:emoji2:1.3.0] AndroidManifest.xml:26:13-68
168            android:exported="false" >
168-->[androidx.emoji2:emoji2:1.3.0] AndroidManifest.xml:27:13-37
169            <meta-data
169-->[androidx.emoji2:emoji2:1.3.0] AndroidManifest.xml:29:13-31:52
170                android:name="androidx.emoji2.text.EmojiCompatInitializer"
170-->[androidx.emoji2:emoji2:1.3.0] AndroidManifest.xml:30:17-75
171                android:value="androidx.startup" />
171-->[androidx.emoji2:emoji2:1.3.0] AndroidManifest.xml:31:17-49
172            <meta-data
172-->[androidx.lifecycle:lifecycle-process:2.9.2] AndroidManifest.xml:29:13-31:52
173                android:name="androidx.lifecycle.ProcessLifecycleInitializer"
173-->[androidx.lifecycle:lifecycle-process:2.9.2] AndroidManifest.xml:30:17-78
174                android:value="androidx.startup" />
174-->[androidx.lifecycle:lifecycle-process:2.9.2] AndroidManifest.xml:31:17-49
175            <meta-data
175-->[androidx.profileinstaller:profileinstaller:1.4.0] AndroidManifest.xml:29:13-31:52
176                android:name="androidx.profileinstaller.ProfileInstallerInitializer"
176-->[androidx.profileinstaller:profileinstaller:1.4.0] AndroidManifest.xml:30:17-85
177                android:value="androidx.startup" />
177-->[androidx.profileinstaller:profileinstaller:1.4.0] AndroidManifest.xml:31:17-49
178        </provider>
179
180        <uses-library
180-->[androidx.privacysandbox.ads:ads-adservices:1.0.0-beta05] AndroidManifest.xml:23:9-25:40
181            android:name="android.ext.adservices"
181-->[androidx.privacysandbox.ads:ads-adservices:1.0.0-beta05] AndroidManifest.xml:24:13-50
182            android:required="false" />
182-->[androidx.privacysandbox.ads:ads-adservices:1.0.0-beta05] AndroidManifest.xml:25:13-37
183
184        <meta-data
184-->[com.google.android.gms:play-services-basement:18.3.0] AndroidManifest.xml:21:9-23:69
185            android:name="com.google.android.gms.version"
185-->[com.google.android.gms:play-services-basement:18.3.0] AndroidManifest.xml:22:13-58
186            android:value="@integer/google_play_services_version" />
186-->[com.google.android.gms:play-services-basement:18.3.0] AndroidManifest.xml:23:13-66
187
188        <receiver
188-->[androidx.profileinstaller:profileinstaller:1.4.0] AndroidManifest.xml:34:9-52:20
189            android:name="androidx.profileinstaller.ProfileInstallReceiver"
189-->[androidx.profileinstaller:profileinstaller:1.4.0] AndroidManifest.xml:35:13-76
190            android:directBootAware="false"
190-->[androidx.profileinstaller:profileinstaller:1.4.0] AndroidManifest.xml:36:13-44
191            android:enabled="true"
191-->[androidx.profileinstaller:profileinstaller:1.4.0] AndroidManifest.xml:37:13-35
192            android:exported="true"
192-->[androidx.profileinstaller:profileinstaller:1.4.0] AndroidManifest.xml:38:13-36
193            android:permission="android.permission.DUMP" >
193-->[androidx.profileinstaller:profileinstaller:1.4.0] AndroidManifest.xml:39:13-57
194            <intent-filter>
194-->[androidx.profileinstaller:profileinstaller:1.4.0] AndroidManifest.xml:40:13-42:29
195                <action android:name="androidx.profileinstaller.action.INSTALL_PROFILE" />
195-->[androidx.profileinstaller:profileinstaller:1.4.0] AndroidManifest.xml:41:17-91
195-->[androidx.profileinstaller:profileinstaller:1.4.0] AndroidManifest.xml:41:25-88
196            </intent-filter>
197            <intent-filter>
197-->[androidx.profileinstaller:profileinstaller:1.4.0] AndroidManifest.xml:43:13-45:29
198                <action android:name="androidx.profileinstaller.action.SKIP_FILE" />
198-->[androidx.profileinstaller:profileinstaller:1.4.0] AndroidManifest.xml:44:17-85
198-->[androidx.profileinstaller:profileinstaller:1.4.0] AndroidManifest.xml:44:25-82
199            </intent-filter>
200            <intent-filter>
200-->[androidx.profileinstaller:profileinstaller:1.4.0] AndroidManifest.xml:46:13-48:29
201                <action android:name="androidx.profileinstaller.action.SAVE_PROFILE" />
201-->[androidx.profileinstaller:profileinstaller:1.4.0] AndroidManifest.xml:47:17-88
201-->[androidx.profileinstaller:profileinstaller:1.4.0] AndroidManifest.xml:47:25-85
202            </intent-filter>
203            <intent-filter>
203-->[androidx.profileinstaller:profileinstaller:1.4.0] AndroidManifest.xml:49:13-51:29
204                <action android:name="androidx.profileinstaller.action.BENCHMARK_OPERATION" />
204-->[androidx.profileinstaller:profileinstaller:1.4.0] AndroidManifest.xml:50:17-95
204-->[androidx.profileinstaller:profileinstaller:1.4.0] AndroidManifest.xml:50:25-92
205            </intent-filter>
206        </receiver>
207    </application>
208
209</manifest>